<?xml version="1.0" encoding="UTF-8"?>
<!-- Generated by org.testng.reporters.JUnitXMLReporter -->
<testsuite ignored="0" hostname="Mds-MacBook-Air.local" failures="0" tests="4" name="Default test" time="85.277" errors="0" timestamp="2022-08-11T15:30:02 EDT">
  <testcase classname="com.stableint.peacocktv.generators.FreeAccountsGenerator" name="openBrowser" time="16.539"/>
  <testcase classname="com.stableint.peacocktv.generators.FreeAccountsGenerator" name="freeAccountTest" time="41.224"/>
  <testcase classname="com.stableint.peacocktv.generators.FreeAccountsGenerator" name="freeAccountTest" time="27.491"/>
  <testcase classname="com.stableint.peacocktv.generators.FreeAccountsGenerator" name="closeDriver" time="0.0"/>
</testsuite> <!-- Default test -->
