<?xml version="1.0" encoding="UTF-8"?>
<testng-results ignored="0" total="4" passed="4" failed="0" skipped="0">
  <reporter-output>
  </reporter-output>
  <suite started-at="2022-08-11T15:28:36 EDT" name="Default suite" finished-at="2022-08-11T15:30:02 EDT" duration-ms="85277">
    <groups>
    </groups>
    <test started-at="2022-08-11T15:28:36 EDT" name="Default test" finished-at="2022-08-11T15:30:02 EDT" duration-ms="85277">
      <class name="com.stableint.peacocktv.generators.FreeAccountsGenerator">
        <test-method signature="openBrowser()[pri:1, instance:com.stableint.peacocktv.generators.FreeAccountsGenerator@5cc9d3d0]" started-at="2022-08-11T15:28:36 EDT" name="openBrowser" finished-at="2022-08-11T15:28:53 EDT" duration-ms="16539" status="PASS">
          <reporter-output>
          </reporter-output>
        </test-method> <!-- openBrowser -->
        <test-method signature="freeAccountTest()[pri:2, instance:com.stableint.peacocktv.generators.FreeAccountsGenerator@5cc9d3d0]" started-at="2022-08-11T15:28:53 EDT" name="freeAccountTest" finished-at="2022-08-11T15:29:34 EDT" duration-ms="41224" status="PASS">
          <reporter-output>
          </reporter-output>
        </test-method> <!-- freeAccountTest -->
        <test-method signature="freeAccountTest()[pri:2, instance:com.stableint.peacocktv.generators.FreeAccountsGenerator@5cc9d3d0]" started-at="2022-08-11T15:29:34 EDT" name="freeAccountTest" finished-at="2022-08-11T15:30:02 EDT" duration-ms="27491" status="PASS">
          <reporter-output>
          </reporter-output>
        </test-method> <!-- freeAccountTest -->
        <test-method signature="closeDriver()[pri:3, instance:com.stableint.peacocktv.generators.FreeAccountsGenerator@5cc9d3d0]" started-at="2022-08-11T15:30:02 EDT" name="closeDriver" finished-at="2022-08-11T15:30:02 EDT" duration-ms="0" status="PASS">
          <reporter-output>
          </reporter-output>
        </test-method> <!-- closeDriver -->
      </class> <!-- com.stableint.peacocktv.generators.FreeAccountsGenerator -->
    </test> <!-- Default test -->
  </suite> <!-- Default suite -->
</testng-results>
